Determining if the pthread_create exist failed with the following output:
Change Dir: /home/georg/catkin_ws/build/dynamixel_driver/CMakeFiles/CMakeTmp

Run Build Command:"/usr/bin/make" "cmTC_96c7b/fast"
/usr/bin/make -f CMakeFiles/cmTC_96c7b.dir/build.make CMakeFiles/cmTC_96c7b.dir/build
make[1]: Verzeichnis „/home/georg/catkin_ws/build/dynamixel_driver/CMakeFiles/CMakeTmp“ wird betreten
Building C object CMakeFiles/cmTC_96c7b.dir/CheckSymbolExists.c.o
/usr/bin/cc    -o CMakeFiles/cmTC_96c7b.dir/CheckSymbolExists.c.o   -c /home/georg/catkin_ws/build/dynamixel_driver/CMakeFiles/CMakeTmp/CheckSymbolExists.c
Linking C executable cmTC_96c7b
/usr/bin/cmake -E cmake_link_script CMakeFiles/cmTC_96c7b.dir/link.txt --verbose=1
/usr/bin/cc      -rdynamic CMakeFiles/cmTC_96c7b.dir/CheckSymbolExists.c.o  -o cmTC_96c7b 
CMakeFiles/cmTC_96c7b.dir/CheckSymbolExists.c.o: In Funktion »main«:
CheckSymbolExists.c:(.text+0x1b): Warnung: undefinierter Verweis auf »pthread_create«
collect2: error: ld returned 1 exit status
CMakeFiles/cmTC_96c7b.dir/build.make:97: recipe for target 'cmTC_96c7b' failed
make[1]: *** [cmTC_96c7b] Error 1
make[1]: Verzeichnis „/home/georg/catkin_ws/build/dynamixel_driver/CMakeFiles/CMakeTmp“ wird verlassen
Makefile:126: recipe for target 'cmTC_96c7b/fast' failed
make: *** [cmTC_96c7b/fast] Error 2

File /home/georg/catkin_ws/build/dynamixel_driver/CMakeFiles/CMakeTmp/CheckSymbolExists.c:
/* */
#include <pthread.h>

int main(int argc, char** argv)
{
  (void)argv;
#ifndef pthread_create
  return ((int*)(&pthread_create))[argc];
#else
  (void)argc;
  return 0;
#endif
}

Determining if the function pthread_create exists in the pthreads failed with the following output:
Change Dir: /home/georg/catkin_ws/build/dynamixel_driver/CMakeFiles/CMakeTmp

Run Build Command:"/usr/bin/make" "cmTC_80712/fast"
/usr/bin/make -f CMakeFiles/cmTC_80712.dir/build.make CMakeFiles/cmTC_80712.dir/build
make[1]: Verzeichnis „/home/georg/catkin_ws/build/dynamixel_driver/CMakeFiles/CMakeTmp“ wird betreten
Building C object CMakeFiles/cmTC_80712.dir/CheckFunctionExists.c.o
/usr/bin/cc   -DCHECK_FUNCTION_EXISTS=pthread_create   -o CMakeFiles/cmTC_80712.dir/CheckFunctionExists.c.o   -c /usr/share/cmake-3.10/Modules/CheckFunctionExists.c
Linking C executable cmTC_80712
/usr/bin/cmake -E cmake_link_script CMakeFiles/cmTC_80712.dir/link.txt --verbose=1
/usr/bin/cc  -DCHECK_FUNCTION_EXISTS=pthread_create    -rdynamic CMakeFiles/cmTC_80712.dir/CheckFunctionExists.c.o  -o cmTC_80712 -lpthreads 
/usr/bin/ld: -lpthreads kann nicht gefunden werden
collect2: error: ld returned 1 exit status
CMakeFiles/cmTC_80712.dir/build.make:97: recipe for target 'cmTC_80712' failed
make[1]: *** [cmTC_80712] Error 1
make[1]: Verzeichnis „/home/georg/catkin_ws/build/dynamixel_driver/CMakeFiles/CMakeTmp“ wird verlassen
Makefile:126: recipe for target 'cmTC_80712/fast' failed
make: *** [cmTC_80712/fast] Error 2


