Not searching for unused variables given on the command line.
[36m--[0m Using CATKIN_DEVEL_PREFIX: /home/georg/catkin_ws/devel/.private/phantomx_reactor_arm_controller
[36m--[0m Using CMAKE_PREFIX_PATH: /home/georg/catkin_ws/devel;/opt/ros/melodic
[36m--[0m This workspace overlays: /home/georg/catkin_ws/devel;/opt/ros/melodic
[36m--[0m Found PythonInterp: /usr/bin/python2 (found suitable version "2.7.17", minimum required is "2")
[36m--[0m Using PYTHON_EXECUTABLE: /usr/bin/python2
[36m--[0m Using Debian Python package layout
[36m--[0m Using empy: /usr/bin/empy
[36m--[0m Using CATKIN_ENABLE_TESTING: ON
[36m--[0m Call enable_testing()
[36m--[0m Using CATKIN_TEST_RESULTS_DIR: /home/georg/catkin_ws/build/phantomx_reactor_arm_controller/test_results
[36m--[0m Found gtest sources under '/usr/src/googletest': gtests will be built
[36m--[0m Found gmock sources under '/usr/src/googletest': gmock will be built
[36m--[0m Found PythonInterp: /usr/bin/python2 (found version "2.7.17")
[36m--[0m Using Python nosetests: /usr/bin/nosetests-2.7
[36m--[0m catkin 0.7.26
[36m--[0m BUILD_SHARED_LIBS is on
[36m--[0m Could NOT find arbotix_python (missing: arbotix_python_DIR)
[36m--[0m Could not find the required component 'arbotix_python'. The following CMake error indicates that you either need to install the package with the same name or change your environment so that it can be found.
[31m[1mCMake Error[0m at /opt/ros/melodic/share/catkin/cmake/catkinConfig.cmake:83 (find_package):
  Could not find a package configuration file provided by "arbotix_python"
  with any of the following names:

    arbotix_pythonConfig.cmake
    arbotix_python-config.cmake

  Add the installation prefix of "arbotix_python" to CMAKE_PREFIX_PATH or set
  "arbotix_python_DIR" to a directory containing one of the above files.  If
  "arbotix_python" provides a separate development package or SDK, be sure it
  has been installed.
[36mCall Stack (most recent call first):[0m
  CMakeLists.txt:4 (find_package)


[36m--[0m Configuring incomplete, errors occurred!
See also "/home/georg/catkin_ws/build/phantomx_reactor_arm_controller/CMakeFiles/CMakeOutput.log".
See also "/home/georg/catkin_ws/build/phantomx_reactor_arm_controller/CMakeFiles/CMakeError.log".
