Determining if the pthread_create exist failed with the following output:
Change Dir: /home/georg/catkin_ws/build/arbotix_controllers/CMakeFiles/CMakeTmp

Run Build Command:"/usr/bin/make" "cmTC_7055e/fast"
/usr/bin/make -f CMakeFiles/cmTC_7055e.dir/build.make CMakeFiles/cmTC_7055e.dir/build
make[1]: Verzeichnis „/home/georg/catkin_ws/build/arbotix_controllers/CMakeFiles/CMakeTmp“ wird betreten
Building C object CMakeFiles/cmTC_7055e.dir/CheckSymbolExists.c.o
/usr/bin/cc    -o CMakeFiles/cmTC_7055e.dir/CheckSymbolExists.c.o   -c /home/georg/catkin_ws/build/arbotix_controllers/CMakeFiles/CMakeTmp/CheckSymbolExists.c
Linking C executable cmTC_7055e
/usr/bin/cmake -E cmake_link_script CMakeFiles/cmTC_7055e.dir/link.txt --verbose=1
/usr/bin/cc      -rdynamic CMakeFiles/cmTC_7055e.dir/CheckSymbolExists.c.o  -o cmTC_7055e 
CMakeFiles/cmTC_7055e.dir/CheckSymbolExists.c.o: In Funktion »main«:
CheckSymbolExists.c:(.text+0x1b): Warnung: undefinierter Verweis auf »pthread_create«
collect2: error: ld returned 1 exit status
CMakeFiles/cmTC_7055e.dir/build.make:97: recipe for target 'cmTC_7055e' failed
make[1]: *** [cmTC_7055e] Error 1
make[1]: Verzeichnis „/home/georg/catkin_ws/build/arbotix_controllers/CMakeFiles/CMakeTmp“ wird verlassen
Makefile:126: recipe for target 'cmTC_7055e/fast' failed
make: *** [cmTC_7055e/fast] Error 2

File /home/georg/catkin_ws/build/arbotix_controllers/CMakeFiles/CMakeTmp/CheckSymbolExists.c:
/* */
#include <pthread.h>

int main(int argc, char** argv)
{
  (void)argv;
#ifndef pthread_create
  return ((int*)(&pthread_create))[argc];
#else
  (void)argc;
  return 0;
#endif
}

Determining if the function pthread_create exists in the pthreads failed with the following output:
Change Dir: /home/georg/catkin_ws/build/arbotix_controllers/CMakeFiles/CMakeTmp

Run Build Command:"/usr/bin/make" "cmTC_e8d5e/fast"
/usr/bin/make -f CMakeFiles/cmTC_e8d5e.dir/build.make CMakeFiles/cmTC_e8d5e.dir/build
make[1]: Verzeichnis „/home/georg/catkin_ws/build/arbotix_controllers/CMakeFiles/CMakeTmp“ wird betreten
Building C object CMakeFiles/cmTC_e8d5e.dir/CheckFunctionExists.c.o
/usr/bin/cc   -DCHECK_FUNCTION_EXISTS=pthread_create   -o CMakeFiles/cmTC_e8d5e.dir/CheckFunctionExists.c.o   -c /usr/share/cmake-3.10/Modules/CheckFunctionExists.c
Linking C executable cmTC_e8d5e
/usr/bin/cmake -E cmake_link_script CMakeFiles/cmTC_e8d5e.dir/link.txt --verbose=1
/usr/bin/cc  -DCHECK_FUNCTION_EXISTS=pthread_create    -rdynamic CMakeFiles/cmTC_e8d5e.dir/CheckFunctionExists.c.o  -o cmTC_e8d5e -lpthreads 
/usr/bin/ld: -lpthreads kann nicht gefunden werden
collect2: error: ld returned 1 exit status
CMakeFiles/cmTC_e8d5e.dir/build.make:97: recipe for target 'cmTC_e8d5e' failed
make[1]: *** [cmTC_e8d5e] Error 1
make[1]: Verzeichnis „/home/georg/catkin_ws/build/arbotix_controllers/CMakeFiles/CMakeTmp“ wird verlassen
Makefile:126: recipe for target 'cmTC_e8d5e/fast' failed
make: *** [cmTC_e8d5e/fast] Error 2


