[35m[1mScanning dependencies of target _arbotix_msgs_generate_messages_check_deps_Relax[0m
[  0%] Built target _arbotix_msgs_generate_messages_check_deps_Relax
[35m[1mScanning dependencies of target _arbotix_msgs_generate_messages_check_deps_Digital[0m
[  0%] Built target _arbotix_msgs_generate_messages_check_deps_Digital
[35m[1mScanning dependencies of target _arbotix_msgs_generate_messages_check_deps_SetSpeed[0m
[  0%] Built target _arbotix_msgs_generate_messages_check_deps_SetSpeed
[35m[1mScanning dependencies of target std_msgs_generate_messages_py[0m
[  0%] Built target std_msgs_generate_messages_py
[35m[1mScanning dependencies of target _arbotix_msgs_generate_messages_check_deps_SetupChannel[0m
[  0%] Built target _arbotix_msgs_generate_messages_check_deps_SetupChannel
[35m[1mScanning dependencies of target _arbotix_msgs_generate_messages_check_deps_Analog[0m
[  0%] Built target _arbotix_msgs_generate_messages_check_deps_Analog
[35m[1mScanning dependencies of target _arbotix_msgs_generate_messages_check_deps_Enable[0m
[  0%] Built target _arbotix_msgs_generate_messages_check_deps_Enable
[35m[1mScanning dependencies of target std_msgs_generate_messages_nodejs[0m
[  0%] Built target std_msgs_generate_messages_nodejs
[35m[1mScanning dependencies of target std_msgs_generate_messages_lisp[0m
[  0%] Built target std_msgs_generate_messages_lisp
[35m[1mScanning dependencies of target std_msgs_generate_messages_cpp[0m
[  0%] Built target std_msgs_generate_messages_cpp
[35m[1mScanning dependencies of target std_msgs_generate_messages_eus[0m
[  0%] Built target std_msgs_generate_messages_eus
[35m[1mScanning dependencies of target arbotix_msgs_generate_messages_py[0m
[  3%] [34m[1mGenerating Python from MSG arbotix_msgs/Analog[0m
[  6%] [34m[1mGenerating Python from MSG arbotix_msgs/Digital[0m
[  9%] [34m[1mGenerating Python code from SRV arbotix_msgs/SetupChannel[0m
[ 12%] [34m[1mGenerating Python code from SRV arbotix_msgs/Relax[0m
[ 15%] [34m[1mGenerating Python code from SRV arbotix_msgs/SetSpeed[0m
[ 18%] [34m[1mGenerating Python code from SRV arbotix_msgs/Enable[0m
[ 21%] [34m[1mGenerating Python msg __init__.py for arbotix_msgs[0m
[ 24%] [34m[1mGenerating Python srv __init__.py for arbotix_msgs[0m
[ 24%] Built target arbotix_msgs_generate_messages_py
[35m[1mScanning dependencies of target arbotix_msgs_generate_messages_nodejs[0m
[ 27%] [34m[1mGenerating Javascript code from arbotix_msgs/Analog.msg[0m
[ 30%] [34m[1mGenerating Javascript code from arbotix_msgs/Digital.msg[0m
[ 33%] [34m[1mGenerating Javascript code from arbotix_msgs/SetupChannel.srv[0m
[ 36%] [34m[1mGenerating Javascript code from arbotix_msgs/Relax.srv[0m
[ 39%] [34m[1mGenerating Javascript code from arbotix_msgs/SetSpeed.srv[0m
[ 42%] [34m[1mGenerating Javascript code from arbotix_msgs/Enable.srv[0m
[ 42%] Built target arbotix_msgs_generate_messages_nodejs
[35m[1mScanning dependencies of target arbotix_msgs_generate_messages_lisp[0m
[ 45%] [34m[1mGenerating Lisp code from arbotix_msgs/Analog.msg[0m
[ 48%] [34m[1mGenerating Lisp code from arbotix_msgs/Digital.msg[0m
[ 51%] [34m[1mGenerating Lisp code from arbotix_msgs/SetupChannel.srv[0m
[ 54%] [34m[1mGenerating Lisp code from arbotix_msgs/Relax.srv[0m
[ 57%] [34m[1mGenerating Lisp code from arbotix_msgs/SetSpeed.srv[0m
[ 60%] [34m[1mGenerating Lisp code from arbotix_msgs/Enable.srv[0m
[ 60%] Built target arbotix_msgs_generate_messages_lisp
[35m[1mScanning dependencies of target arbotix_msgs_generate_messages_cpp[0m
[ 63%] [34m[1mGenerating C++ code from arbotix_msgs/Analog.msg[0m
[ 66%] [34m[1mGenerating C++ code from arbotix_msgs/Digital.msg[0m
[ 69%] [34m[1mGenerating C++ code from arbotix_msgs/SetupChannel.srv[0m
[ 72%] [34m[1mGenerating C++ code from arbotix_msgs/Relax.srv[0m
[35m[1mScanning dependencies of target arbotix_msgs_generate_messages_eus[0m
[ 75%] [34m[1mGenerating EusLisp code from arbotix_msgs/Analog.msg[0m
[ 78%] [34m[1mGenerating EusLisp code from arbotix_msgs/Digital.msg[0m
[ 81%] [34m[1mGenerating C++ code from arbotix_msgs/SetSpeed.srv[0m
[ 84%] [34m[1mGenerating EusLisp code from arbotix_msgs/SetupChannel.srv[0m
[ 87%] [34m[1mGenerating EusLisp code from arbotix_msgs/Relax.srv[0m
[ 90%] [34m[1mGenerating EusLisp code from arbotix_msgs/SetSpeed.srv[0m
[ 93%] [34m[1mGenerating EusLisp code from arbotix_msgs/Enable.srv[0m
[ 96%] [34m[1mGenerating C++ code from arbotix_msgs/Enable.srv[0m
[100%] [34m[1mGenerating EusLisp manifest code for arbotix_msgs[0m
[100%] Built target arbotix_msgs_generate_messages_cpp
[100%] Built target arbotix_msgs_generate_messages_eus
[35m[1mScanning dependencies of target arbotix_msgs_generate_messages[0m
[100%] Built target arbotix_msgs_generate_messages
