Symlinking /home/georg/catkin_ws/devel/include/arbotix_msgs/Enable.h
Symlinking /home/georg/catkin_ws/devel/include/arbotix_msgs/SetupChannel.h
Symlinking /home/georg/catkin_ws/devel/include/arbotix_msgs/EnableRequest.h
Symlinking /home/georg/catkin_ws/devel/include/arbotix_msgs/EnableResponse.h
Symlinking /home/georg/catkin_ws/devel/include/arbotix_msgs/RelaxResponse.h
Symlinking /home/georg/catkin_ws/devel/include/arbotix_msgs/SetupChannelResponse.h
Symlinking /home/georg/catkin_ws/devel/include/arbotix_msgs/Relax.h
Symlinking /home/georg/catkin_ws/devel/include/arbotix_msgs/RelaxRequest.h
Symlinking /home/georg/catkin_ws/devel/include/arbotix_msgs/SetupChannelRequest.h
Symlinking /home/georg/catkin_ws/devel/include/arbotix_msgs/Analog.h
Symlinking /home/georg/catkin_ws/devel/include/arbotix_msgs/SetSpeed.h
Symlinking /home/georg/catkin_ws/devel/include/arbotix_msgs/SetSpeedRequest.h
Symlinking /home/georg/catkin_ws/devel/include/arbotix_msgs/SetSpeedResponse.h
Symlinking /home/georg/catkin_ws/devel/include/arbotix_msgs/Digital.h
Symlinking /home/georg/catkin_ws/devel/lib/python2.7/dist-packages/arbotix_msgs/__init__.py
Symlinking /home/georg/catkin_ws/devel/lib/python2.7/dist-packages/arbotix_msgs/msg/__init__.py
Symlinking /home/georg/catkin_ws/devel/lib/python2.7/dist-packages/arbotix_msgs/msg/_Digital.py
Symlinking /home/georg/catkin_ws/devel/lib/python2.7/dist-packages/arbotix_msgs/msg/_Analog.py
Symlinking /home/georg/catkin_ws/devel/lib/python2.7/dist-packages/arbotix_msgs/srv/_Enable.py
Symlinking /home/georg/catkin_ws/devel/lib/python2.7/dist-packages/arbotix_msgs/srv/_Relax.py
Symlinking /home/georg/catkin_ws/devel/lib/python2.7/dist-packages/arbotix_msgs/srv/_SetupChannel.py
Symlinking /home/georg/catkin_ws/devel/lib/python2.7/dist-packages/arbotix_msgs/srv/__init__.py
Symlinking /home/georg/catkin_ws/devel/lib/python2.7/dist-packages/arbotix_msgs/srv/_SetSpeed.py
Symlinking /home/georg/catkin_ws/devel/lib/pkgconfig/arbotix_msgs.pc
Symlinking /home/georg/catkin_ws/devel/share/roseus/ros/arbotix_msgs/manifest.l
Symlinking /home/georg/catkin_ws/devel/share/roseus/ros/arbotix_msgs/msg/Analog.l
Symlinking /home/georg/catkin_ws/devel/share/roseus/ros/arbotix_msgs/msg/Digital.l
Symlinking /home/georg/catkin_ws/devel/share/roseus/ros/arbotix_msgs/srv/Enable.l
Symlinking /home/georg/catkin_ws/devel/share/roseus/ros/arbotix_msgs/srv/Relax.l
Symlinking /home/georg/catkin_ws/devel/share/roseus/ros/arbotix_msgs/srv/SetSpeed.l
Symlinking /home/georg/catkin_ws/devel/share/roseus/ros/arbotix_msgs/srv/SetupChannel.l
Symlinking /home/georg/catkin_ws/devel/share/common-lisp/ros/arbotix_msgs/msg/_package.lisp
Symlinking /home/georg/catkin_ws/devel/share/common-lisp/ros/arbotix_msgs/msg/_package_Digital.lisp
Symlinking /home/georg/catkin_ws/devel/share/common-lisp/ros/arbotix_msgs/msg/Digital.lisp
Symlinking /home/georg/catkin_ws/devel/share/common-lisp/ros/arbotix_msgs/msg/arbotix_msgs-msg.asd
Symlinking /home/georg/catkin_ws/devel/share/common-lisp/ros/arbotix_msgs/msg/_package_Analog.lisp
Symlinking /home/georg/catkin_ws/devel/share/common-lisp/ros/arbotix_msgs/msg/Analog.lisp
Symlinking /home/georg/catkin_ws/devel/share/common-lisp/ros/arbotix_msgs/srv/Enable.lisp
Symlinking /home/georg/catkin_ws/devel/share/common-lisp/ros/arbotix_msgs/srv/_package.lisp
Symlinking /home/georg/catkin_ws/devel/share/common-lisp/ros/arbotix_msgs/srv/Relax.lisp
Symlinking /home/georg/catkin_ws/devel/share/common-lisp/ros/arbotix_msgs/srv/arbotix_msgs-srv.asd
Symlinking /home/georg/catkin_ws/devel/share/common-lisp/ros/arbotix_msgs/srv/_package_Enable.lisp
Symlinking /home/georg/catkin_ws/devel/share/common-lisp/ros/arbotix_msgs/srv/SetSpeed.lisp
Symlinking /home/georg/catkin_ws/devel/share/common-lisp/ros/arbotix_msgs/srv/_package_SetupChannel.lisp
Symlinking /home/georg/catkin_ws/devel/share/common-lisp/ros/arbotix_msgs/srv/_package_SetSpeed.lisp
Symlinking /home/georg/catkin_ws/devel/share/common-lisp/ros/arbotix_msgs/srv/SetupChannel.lisp
Symlinking /home/georg/catkin_ws/devel/share/common-lisp/ros/arbotix_msgs/srv/_package_Relax.lisp
Symlinking /home/georg/catkin_ws/devel/share/gennodejs/ros/arbotix_msgs/_index.js
Symlinking /home/georg/catkin_ws/devel/share/gennodejs/ros/arbotix_msgs/msg/Digital.js
Symlinking /home/georg/catkin_ws/devel/share/gennodejs/ros/arbotix_msgs/msg/Analog.js
Symlinking /home/georg/catkin_ws/devel/share/gennodejs/ros/arbotix_msgs/msg/_index.js
Symlinking /home/georg/catkin_ws/devel/share/gennodejs/ros/arbotix_msgs/srv/Relax.js
Symlinking /home/georg/catkin_ws/devel/share/gennodejs/ros/arbotix_msgs/srv/Enable.js
Symlinking /home/georg/catkin_ws/devel/share/gennodejs/ros/arbotix_msgs/srv/SetupChannel.js
Symlinking /home/georg/catkin_ws/devel/share/gennodejs/ros/arbotix_msgs/srv/SetSpeed.js
Symlinking /home/georg/catkin_ws/devel/share/gennodejs/ros/arbotix_msgs/srv/_index.js
Symlinking /home/georg/catkin_ws/devel/share/arbotix_msgs/cmake/arbotix_msgs-msg-paths.cmake
Symlinking /home/georg/catkin_ws/devel/share/arbotix_msgs/cmake/arbotix_msgsConfig.cmake
Symlinking /home/georg/catkin_ws/devel/share/arbotix_msgs/cmake/arbotix_msgs-msg-extras.cmake
Symlinking /home/georg/catkin_ws/devel/share/arbotix_msgs/cmake/arbotix_msgsConfig-version.cmake
