[35m[1mScanning dependencies of target _twophase_solver_ros_generate_messages_check_deps_Solver[0m
[35m[1mScanning dependencies of target _twophase_solver_ros_generate_messages_check_deps_SolveMsg[0m
[35m[1mScanning dependencies of target _twophase_solver_ros_generate_messages_check_deps_CubeDefString[0m
[35m[1mScanning dependencies of target std_msgs_generate_messages_eus[0m
[  0%] Built target std_msgs_generate_messages_eus
[35m[1mScanning dependencies of target std_msgs_generate_messages_lisp[0m
[  0%] Built target _twophase_solver_ros_generate_messages_check_deps_CubeDefString
[  0%] Built target _twophase_solver_ros_generate_messages_check_deps_Solver
[  0%] Built target _twophase_solver_ros_generate_messages_check_deps_SolveMsg
[  0%] Built target std_msgs_generate_messages_lisp
[35m[1mScanning dependencies of target std_msgs_generate_messages_nodejs[0m
[35m[1mScanning dependencies of target std_msgs_generate_messages_cpp[0m
[35m[1mScanning dependencies of target std_msgs_generate_messages_py[0m
[35m[1mScanning dependencies of target twophase_solver_ros_generate_messages_eus[0m
[  0%] Built target std_msgs_generate_messages_nodejs
[  0%] Built target std_msgs_generate_messages_py
[  0%] Built target std_msgs_generate_messages_cpp
[  5%] [34m[1mGenerating EusLisp code from twophase_solver_ros/SolveMsg.msg[0m
[ 16%] [34m[1mGenerating EusLisp code from twophase_solver_ros/Solver.srv[0m
[ 16%] [34m[1mGenerating EusLisp code from twophase_solver_ros/CubeDefString.msg[0m
[35m[1mScanning dependencies of target twophase_solver_ros_generate_messages_lisp[0m
[ 22%] [34m[1mGenerating Lisp code from twophase_solver_ros/SolveMsg.msg[0m
[ 27%] [34m[1mGenerating Lisp code from twophase_solver_ros/CubeDefString.msg[0m
[ 33%] [34m[1mGenerating Lisp code from twophase_solver_ros/Solver.srv[0m
[ 38%] [34m[1mGenerating EusLisp manifest code for twophase_solver_ros[0m
[35m[1mScanning dependencies of target twophase_solver_ros_generate_messages_nodejs[0m
[ 44%] [34m[1mGenerating Javascript code from twophase_solver_ros/SolveMsg.msg[0m
[ 50%] [34m[1mGenerating Javascript code from twophase_solver_ros/CubeDefString.msg[0m
[ 50%] Built target twophase_solver_ros_generate_messages_lisp
[35m[1mScanning dependencies of target twophase_solver_ros_generate_messages_cpp[0m
[ 55%] [34m[1mGenerating Javascript code from twophase_solver_ros/Solver.srv[0m
[ 61%] [34m[1mGenerating C++ code from twophase_solver_ros/SolveMsg.msg[0m
[ 66%] [34m[1mGenerating C++ code from twophase_solver_ros/CubeDefString.msg[0m
[ 66%] Built target twophase_solver_ros_generate_messages_nodejs
[35m[1mScanning dependencies of target twophase_solver_ros_generate_messages_py[0m
[ 72%] [34m[1mGenerating Python from MSG twophase_solver_ros/SolveMsg[0m
[ 72%] Built target twophase_solver_ros_generate_messages_eus
[ 77%] [34m[1mGenerating Python from MSG twophase_solver_ros/CubeDefString[0m
[ 83%] [34m[1mGenerating C++ code from twophase_solver_ros/Solver.srv[0m
[ 88%] [34m[1mGenerating Python code from SRV twophase_solver_ros/Solver[0m
[ 94%] [34m[1mGenerating Python msg __init__.py for twophase_solver_ros[0m
[100%] [34m[1mGenerating Python srv __init__.py for twophase_solver_ros[0m
[100%] Built target twophase_solver_ros_generate_messages_py
[100%] Built target twophase_solver_ros_generate_messages_cpp
[35m[1mScanning dependencies of target twophase_solver_ros_generate_messages[0m
[100%] Built target twophase_solver_ros_generate_messages
