Symlinking /home/georg/catkin_ws/devel/lib/pkgconfig/twophase_solver_ros.pc
Symlinking /home/georg/catkin_ws/devel/lib/python2.7/dist-packages/twophase_solver_ros/__init__.py
Symlinking /home/georg/catkin_ws/devel/lib/python2.7/dist-packages/twophase_solver_ros/msg/_CubeDefString.py
Symlinking /home/georg/catkin_ws/devel/lib/python2.7/dist-packages/twophase_solver_ros/msg/_SolveMsg.py
Symlinking /home/georg/catkin_ws/devel/lib/python2.7/dist-packages/twophase_solver_ros/msg/__init__.py
Symlinking /home/georg/catkin_ws/devel/lib/python2.7/dist-packages/twophase_solver_ros/srv/_Solver.py
Symlinking /home/georg/catkin_ws/devel/lib/python2.7/dist-packages/twophase_solver_ros/srv/__init__.py
Symlinking /home/georg/catkin_ws/devel/include/twophase_solver_ros/Solver.h
Symlinking /home/georg/catkin_ws/devel/include/twophase_solver_ros/CubeDefString.h
Symlinking /home/georg/catkin_ws/devel/include/twophase_solver_ros/SolveMsg.h
Symlinking /home/georg/catkin_ws/devel/include/twophase_solver_ros/SolverRequest.h
Symlinking /home/georg/catkin_ws/devel/include/twophase_solver_ros/SolverResponse.h
Symlinking /home/georg/catkin_ws/devel/share/gennodejs/ros/twophase_solver_ros/_index.js
Symlinking /home/georg/catkin_ws/devel/share/gennodejs/ros/twophase_solver_ros/msg/CubeDefString.js
Symlinking /home/georg/catkin_ws/devel/share/gennodejs/ros/twophase_solver_ros/msg/SolveMsg.js
Symlinking /home/georg/catkin_ws/devel/share/gennodejs/ros/twophase_solver_ros/msg/_index.js
Symlinking /home/georg/catkin_ws/devel/share/gennodejs/ros/twophase_solver_ros/srv/Solver.js
Symlinking /home/georg/catkin_ws/devel/share/gennodejs/ros/twophase_solver_ros/srv/_index.js
Symlinking /home/georg/catkin_ws/devel/share/common-lisp/ros/twophase_solver_ros/msg/_package_CubeDefString.lisp
Symlinking /home/georg/catkin_ws/devel/share/common-lisp/ros/twophase_solver_ros/msg/SolveMsg.lisp
Symlinking /home/georg/catkin_ws/devel/share/common-lisp/ros/twophase_solver_ros/msg/twophase_solver_ros-msg.asd
Symlinking /home/georg/catkin_ws/devel/share/common-lisp/ros/twophase_solver_ros/msg/_package.lisp
Symlinking /home/georg/catkin_ws/devel/share/common-lisp/ros/twophase_solver_ros/msg/CubeDefString.lisp
Symlinking /home/georg/catkin_ws/devel/share/common-lisp/ros/twophase_solver_ros/msg/_package_SolveMsg.lisp
Symlinking /home/georg/catkin_ws/devel/share/common-lisp/ros/twophase_solver_ros/srv/twophase_solver_ros-srv.asd
Symlinking /home/georg/catkin_ws/devel/share/common-lisp/ros/twophase_solver_ros/srv/Solver.lisp
Symlinking /home/georg/catkin_ws/devel/share/common-lisp/ros/twophase_solver_ros/srv/_package_Solver.lisp
Symlinking /home/georg/catkin_ws/devel/share/common-lisp/ros/twophase_solver_ros/srv/_package.lisp
Symlinking /home/georg/catkin_ws/devel/share/roseus/ros/twophase_solver_ros/manifest.l
Symlinking /home/georg/catkin_ws/devel/share/roseus/ros/twophase_solver_ros/msg/CubeDefString.l
Symlinking /home/georg/catkin_ws/devel/share/roseus/ros/twophase_solver_ros/msg/SolveMsg.l
Symlinking /home/georg/catkin_ws/devel/share/roseus/ros/twophase_solver_ros/srv/Solver.l
Symlinking /home/georg/catkin_ws/devel/share/twophase_solver_ros/cmake/twophase_solver_ros-msg-extras.cmake
Symlinking /home/georg/catkin_ws/devel/share/twophase_solver_ros/cmake/twophase_solver_rosConfig-version.cmake
Symlinking /home/georg/catkin_ws/devel/share/twophase_solver_ros/cmake/twophase_solver_ros-msg-paths.cmake
Symlinking /home/georg/catkin_ws/devel/share/twophase_solver_ros/cmake/twophase_solver_rosConfig.cmake
