[35m[1mScanning dependencies of target _twophase_solver_ros_generate_messages_check_deps_Solver[0m
[35m[1mScanning dependencies of target std_msgs_generate_messages_eus[0m
[  0%] Built target std_msgs_generate_messages_eus
[  0%] Built target _twophase_solver_ros_generate_messages_check_deps_Solver
[35m[1mScanning dependencies of target std_msgs_generate_messages_lisp[0m
[35m[1mScanning dependencies of target std_msgs_generate_messages_nodejs[0m
[  0%] Built target std_msgs_generate_messages_lisp
[  0%] Built target std_msgs_generate_messages_nodejs
[35m[1mScanning dependencies of target std_msgs_generate_messages_py[0m
[35m[1mScanning dependencies of target std_msgs_generate_messages_cpp[0m
[  0%] Built target std_msgs_generate_messages_py
[  0%] Built target std_msgs_generate_messages_cpp
[35m[1mScanning dependencies of target twophase_solver_ros_generate_messages_eus[0m
[35m[1mScanning dependencies of target twophase_solver_ros_generate_messages_lisp[0m
[ 14%] [34m[1mGenerating EusLisp code from twophase_solver_ros/Solver.srv[0m
[ 28%] [34m[1mGenerating Lisp code from twophase_solver_ros/Solver.srv[0m
[35m[1mScanning dependencies of target twophase_solver_ros_generate_messages_nodejs[0m
[ 42%] [34m[1mGenerating Javascript code from twophase_solver_ros/Solver.srv[0m
[ 42%] Built target twophase_solver_ros_generate_messages_lisp
[ 57%] [34m[1mGenerating EusLisp manifest code for twophase_solver_ros[0m
[35m[1mScanning dependencies of target twophase_solver_ros_generate_messages_cpp[0m
[ 71%] [34m[1mGenerating C++ code from twophase_solver_ros/Solver.srv[0m
[ 71%] Built target twophase_solver_ros_generate_messages_nodejs
[35m[1mScanning dependencies of target twophase_solver_ros_generate_messages_py[0m
[ 85%] [34m[1mGenerating Python code from SRV twophase_solver_ros/Solver[0m
[ 85%] Built target twophase_solver_ros_generate_messages_cpp
[100%] [34m[1mGenerating Python srv __init__.py for twophase_solver_ros[0m
[100%] Built target twophase_solver_ros_generate_messages_py
[100%] Built target twophase_solver_ros_generate_messages_eus
[35m[1mScanning dependencies of target twophase_solver_ros_generate_messages[0m
[100%] Built target twophase_solver_ros_generate_messages
