Determining if the pthread_create exist failed with the following output:
Change Dir: /home/georg/catkin_ws/build/catkin_tools_prebuild/CMakeFiles/CMakeTmp

Run Build Command:"/usr/bin/make" "cmTC_015bf/fast"
/usr/bin/make -f CMakeFiles/cmTC_015bf.dir/build.make CMakeFiles/cmTC_015bf.dir/build
make[1]: Verzeichnis „/home/georg/catkin_ws/build/catkin_tools_prebuild/CMakeFiles/CMakeTmp“ wird betreten
Building C object CMakeFiles/cmTC_015bf.dir/CheckSymbolExists.c.o
/usr/bin/cc    -o CMakeFiles/cmTC_015bf.dir/CheckSymbolExists.c.o   -c /home/georg/catkin_ws/build/catkin_tools_prebuild/CMakeFiles/CMakeTmp/CheckSymbolExists.c
Linking C executable cmTC_015bf
/usr/bin/cmake -E cmake_link_script CMakeFiles/cmTC_015bf.dir/link.txt --verbose=1
/usr/bin/cc      -rdynamic CMakeFiles/cmTC_015bf.dir/CheckSymbolExists.c.o  -o cmTC_015bf 
CMakeFiles/cmTC_015bf.dir/CheckSymbolExists.c.o: In Funktion »main«:
CheckSymbolExists.c:(.text+0x1b): Warnung: undefinierter Verweis auf »pthread_create«
collect2: error: ld returned 1 exit status
CMakeFiles/cmTC_015bf.dir/build.make:97: recipe for target 'cmTC_015bf' failed
make[1]: *** [cmTC_015bf] Error 1
make[1]: Verzeichnis „/home/georg/catkin_ws/build/catkin_tools_prebuild/CMakeFiles/CMakeTmp“ wird verlassen
Makefile:126: recipe for target 'cmTC_015bf/fast' failed
make: *** [cmTC_015bf/fast] Error 2

File /home/georg/catkin_ws/build/catkin_tools_prebuild/CMakeFiles/CMakeTmp/CheckSymbolExists.c:
/* */
#include <pthread.h>

int main(int argc, char** argv)
{
  (void)argv;
#ifndef pthread_create
  return ((int*)(&pthread_create))[argc];
#else
  (void)argc;
  return 0;
#endif
}

Determining if the function pthread_create exists in the pthreads failed with the following output:
Change Dir: /home/georg/catkin_ws/build/catkin_tools_prebuild/CMakeFiles/CMakeTmp

Run Build Command:"/usr/bin/make" "cmTC_335aa/fast"
/usr/bin/make -f CMakeFiles/cmTC_335aa.dir/build.make CMakeFiles/cmTC_335aa.dir/build
make[1]: Verzeichnis „/home/georg/catkin_ws/build/catkin_tools_prebuild/CMakeFiles/CMakeTmp“ wird betreten
Building C object CMakeFiles/cmTC_335aa.dir/CheckFunctionExists.c.o
/usr/bin/cc   -DCHECK_FUNCTION_EXISTS=pthread_create   -o CMakeFiles/cmTC_335aa.dir/CheckFunctionExists.c.o   -c /usr/share/cmake-3.10/Modules/CheckFunctionExists.c
Linking C executable cmTC_335aa
/usr/bin/cmake -E cmake_link_script CMakeFiles/cmTC_335aa.dir/link.txt --verbose=1
/usr/bin/cc  -DCHECK_FUNCTION_EXISTS=pthread_create    -rdynamic CMakeFiles/cmTC_335aa.dir/CheckFunctionExists.c.o  -o cmTC_335aa -lpthreads 
/usr/bin/ld: -lpthreads kann nicht gefunden werden
collect2: error: ld returned 1 exit status
CMakeFiles/cmTC_335aa.dir/build.make:97: recipe for target 'cmTC_335aa' failed
make[1]: *** [cmTC_335aa] Error 1
make[1]: Verzeichnis „/home/georg/catkin_ws/build/catkin_tools_prebuild/CMakeFiles/CMakeTmp“ wird verlassen
Makefile:126: recipe for target 'cmTC_335aa/fast' failed
make: *** [cmTC_335aa/fast] Error 2


