Determining if the pthread_create exist failed with the following output:
Change Dir: /home/georg/catkin_ws/build/actionlib_msgs/CMakeFiles/CMakeTmp

Run Build Command:"/usr/bin/make" "cmTC_987cd/fast"
/usr/bin/make -f CMakeFiles/cmTC_987cd.dir/build.make CMakeFiles/cmTC_987cd.dir/build
make[1]: Verzeichnis „/home/georg/catkin_ws/build/actionlib_msgs/CMakeFiles/CMakeTmp“ wird betreten
Building C object CMakeFiles/cmTC_987cd.dir/CheckSymbolExists.c.o
/usr/bin/cc    -o CMakeFiles/cmTC_987cd.dir/CheckSymbolExists.c.o   -c /home/georg/catkin_ws/build/actionlib_msgs/CMakeFiles/CMakeTmp/CheckSymbolExists.c
Linking C executable cmTC_987cd
/usr/bin/cmake -E cmake_link_script CMakeFiles/cmTC_987cd.dir/link.txt --verbose=1
/usr/bin/cc      -rdynamic CMakeFiles/cmTC_987cd.dir/CheckSymbolExists.c.o  -o cmTC_987cd 
CMakeFiles/cmTC_987cd.dir/CheckSymbolExists.c.o: In Funktion »main«:
CheckSymbolExists.c:(.text+0x1b): Warnung: undefinierter Verweis auf »pthread_create«
collect2: error: ld returned 1 exit status
CMakeFiles/cmTC_987cd.dir/build.make:97: recipe for target 'cmTC_987cd' failed
make[1]: *** [cmTC_987cd] Error 1
make[1]: Verzeichnis „/home/georg/catkin_ws/build/actionlib_msgs/CMakeFiles/CMakeTmp“ wird verlassen
Makefile:126: recipe for target 'cmTC_987cd/fast' failed
make: *** [cmTC_987cd/fast] Error 2

File /home/georg/catkin_ws/build/actionlib_msgs/CMakeFiles/CMakeTmp/CheckSymbolExists.c:
/* */
#include <pthread.h>

int main(int argc, char** argv)
{
  (void)argv;
#ifndef pthread_create
  return ((int*)(&pthread_create))[argc];
#else
  (void)argc;
  return 0;
#endif
}

Determining if the function pthread_create exists in the pthreads failed with the following output:
Change Dir: /home/georg/catkin_ws/build/actionlib_msgs/CMakeFiles/CMakeTmp

Run Build Command:"/usr/bin/make" "cmTC_ea62b/fast"
/usr/bin/make -f CMakeFiles/cmTC_ea62b.dir/build.make CMakeFiles/cmTC_ea62b.dir/build
make[1]: Verzeichnis „/home/georg/catkin_ws/build/actionlib_msgs/CMakeFiles/CMakeTmp“ wird betreten
Building C object CMakeFiles/cmTC_ea62b.dir/CheckFunctionExists.c.o
/usr/bin/cc   -DCHECK_FUNCTION_EXISTS=pthread_create   -o CMakeFiles/cmTC_ea62b.dir/CheckFunctionExists.c.o   -c /usr/share/cmake-3.10/Modules/CheckFunctionExists.c
Linking C executable cmTC_ea62b
/usr/bin/cmake -E cmake_link_script CMakeFiles/cmTC_ea62b.dir/link.txt --verbose=1
/usr/bin/cc  -DCHECK_FUNCTION_EXISTS=pthread_create    -rdynamic CMakeFiles/cmTC_ea62b.dir/CheckFunctionExists.c.o  -o cmTC_ea62b -lpthreads 
/usr/bin/ld: -lpthreads kann nicht gefunden werden
collect2: error: ld returned 1 exit status
CMakeFiles/cmTC_ea62b.dir/build.make:97: recipe for target 'cmTC_ea62b' failed
make[1]: *** [cmTC_ea62b] Error 1
make[1]: Verzeichnis „/home/georg/catkin_ws/build/actionlib_msgs/CMakeFiles/CMakeTmp“ wird verlassen
Makefile:126: recipe for target 'cmTC_ea62b/fast' failed
make: *** [cmTC_ea62b/fast] Error 2


