Determining if the pthread_create exist failed with the following output:
Change Dir: /home/georg/catkin_ws/build/sensor_msgs/CMakeFiles/CMakeTmp

Run Build Command:"/usr/bin/make" "cmTC_339d4/fast"
/usr/bin/make -f CMakeFiles/cmTC_339d4.dir/build.make CMakeFiles/cmTC_339d4.dir/build
make[1]: Verzeichnis „/home/georg/catkin_ws/build/sensor_msgs/CMakeFiles/CMakeTmp“ wird betreten
Building C object CMakeFiles/cmTC_339d4.dir/CheckSymbolExists.c.o
/usr/bin/cc    -o CMakeFiles/cmTC_339d4.dir/CheckSymbolExists.c.o   -c /home/georg/catkin_ws/build/sensor_msgs/CMakeFiles/CMakeTmp/CheckSymbolExists.c
Linking C executable cmTC_339d4
/usr/bin/cmake -E cmake_link_script CMakeFiles/cmTC_339d4.dir/link.txt --verbose=1
/usr/bin/cc      -rdynamic CMakeFiles/cmTC_339d4.dir/CheckSymbolExists.c.o  -o cmTC_339d4 
CMakeFiles/cmTC_339d4.dir/CheckSymbolExists.c.o: In Funktion »main«:
CheckSymbolExists.c:(.text+0x1b): Warnung: undefinierter Verweis auf »pthread_create«
collect2: error: ld returned 1 exit status
CMakeFiles/cmTC_339d4.dir/build.make:97: recipe for target 'cmTC_339d4' failed
make[1]: *** [cmTC_339d4] Error 1
make[1]: Verzeichnis „/home/georg/catkin_ws/build/sensor_msgs/CMakeFiles/CMakeTmp“ wird verlassen
Makefile:126: recipe for target 'cmTC_339d4/fast' failed
make: *** [cmTC_339d4/fast] Error 2

File /home/georg/catkin_ws/build/sensor_msgs/CMakeFiles/CMakeTmp/CheckSymbolExists.c:
/* */
#include <pthread.h>

int main(int argc, char** argv)
{
  (void)argv;
#ifndef pthread_create
  return ((int*)(&pthread_create))[argc];
#else
  (void)argc;
  return 0;
#endif
}

Determining if the function pthread_create exists in the pthreads failed with the following output:
Change Dir: /home/georg/catkin_ws/build/sensor_msgs/CMakeFiles/CMakeTmp

Run Build Command:"/usr/bin/make" "cmTC_ce16f/fast"
/usr/bin/make -f CMakeFiles/cmTC_ce16f.dir/build.make CMakeFiles/cmTC_ce16f.dir/build
make[1]: Verzeichnis „/home/georg/catkin_ws/build/sensor_msgs/CMakeFiles/CMakeTmp“ wird betreten
Building C object CMakeFiles/cmTC_ce16f.dir/CheckFunctionExists.c.o
/usr/bin/cc   -DCHECK_FUNCTION_EXISTS=pthread_create   -o CMakeFiles/cmTC_ce16f.dir/CheckFunctionExists.c.o   -c /usr/share/cmake-3.10/Modules/CheckFunctionExists.c
Linking C executable cmTC_ce16f
/usr/bin/cmake -E cmake_link_script CMakeFiles/cmTC_ce16f.dir/link.txt --verbose=1
/usr/bin/cc  -DCHECK_FUNCTION_EXISTS=pthread_create    -rdynamic CMakeFiles/cmTC_ce16f.dir/CheckFunctionExists.c.o  -o cmTC_ce16f -lpthreads 
/usr/bin/ld: -lpthreads kann nicht gefunden werden
collect2: error: ld returned 1 exit status
CMakeFiles/cmTC_ce16f.dir/build.make:97: recipe for target 'cmTC_ce16f' failed
make[1]: *** [cmTC_ce16f] Error 1
make[1]: Verzeichnis „/home/georg/catkin_ws/build/sensor_msgs/CMakeFiles/CMakeTmp“ wird verlassen
Makefile:126: recipe for target 'cmTC_ce16f/fast' failed
make: *** [cmTC_ce16f/fast] Error 2


