Determining if the pthread_create exist failed with the following output:
Change Dir: /home/georg/catkin_ws/build/stereo_msgs/CMakeFiles/CMakeTmp

Run Build Command:"/usr/bin/make" "cmTC_c4112/fast"
/usr/bin/make -f CMakeFiles/cmTC_c4112.dir/build.make CMakeFiles/cmTC_c4112.dir/build
make[1]: Verzeichnis „/home/georg/catkin_ws/build/stereo_msgs/CMakeFiles/CMakeTmp“ wird betreten
Building C object CMakeFiles/cmTC_c4112.dir/CheckSymbolExists.c.o
/usr/bin/cc    -o CMakeFiles/cmTC_c4112.dir/CheckSymbolExists.c.o   -c /home/georg/catkin_ws/build/stereo_msgs/CMakeFiles/CMakeTmp/CheckSymbolExists.c
Linking C executable cmTC_c4112
/usr/bin/cmake -E cmake_link_script CMakeFiles/cmTC_c4112.dir/link.txt --verbose=1
/usr/bin/cc      -rdynamic CMakeFiles/cmTC_c4112.dir/CheckSymbolExists.c.o  -o cmTC_c4112 
CMakeFiles/cmTC_c4112.dir/CheckSymbolExists.c.o: In Funktion »main«:
CheckSymbolExists.c:(.text+0x1b): Warnung: undefinierter Verweis auf »pthread_create«
collect2: error: ld returned 1 exit status
CMakeFiles/cmTC_c4112.dir/build.make:97: recipe for target 'cmTC_c4112' failed
make[1]: *** [cmTC_c4112] Error 1
make[1]: Verzeichnis „/home/georg/catkin_ws/build/stereo_msgs/CMakeFiles/CMakeTmp“ wird verlassen
Makefile:126: recipe for target 'cmTC_c4112/fast' failed
make: *** [cmTC_c4112/fast] Error 2

File /home/georg/catkin_ws/build/stereo_msgs/CMakeFiles/CMakeTmp/CheckSymbolExists.c:
/* */
#include <pthread.h>

int main(int argc, char** argv)
{
  (void)argv;
#ifndef pthread_create
  return ((int*)(&pthread_create))[argc];
#else
  (void)argc;
  return 0;
#endif
}

Determining if the function pthread_create exists in the pthreads failed with the following output:
Change Dir: /home/georg/catkin_ws/build/stereo_msgs/CMakeFiles/CMakeTmp

Run Build Command:"/usr/bin/make" "cmTC_fb57c/fast"
/usr/bin/make -f CMakeFiles/cmTC_fb57c.dir/build.make CMakeFiles/cmTC_fb57c.dir/build
make[1]: Verzeichnis „/home/georg/catkin_ws/build/stereo_msgs/CMakeFiles/CMakeTmp“ wird betreten
Building C object CMakeFiles/cmTC_fb57c.dir/CheckFunctionExists.c.o
/usr/bin/cc   -DCHECK_FUNCTION_EXISTS=pthread_create   -o CMakeFiles/cmTC_fb57c.dir/CheckFunctionExists.c.o   -c /usr/share/cmake-3.10/Modules/CheckFunctionExists.c
Linking C executable cmTC_fb57c
/usr/bin/cmake -E cmake_link_script CMakeFiles/cmTC_fb57c.dir/link.txt --verbose=1
/usr/bin/cc  -DCHECK_FUNCTION_EXISTS=pthread_create    -rdynamic CMakeFiles/cmTC_fb57c.dir/CheckFunctionExists.c.o  -o cmTC_fb57c -lpthreads 
/usr/bin/ld: -lpthreads kann nicht gefunden werden
collect2: error: ld returned 1 exit status
CMakeFiles/cmTC_fb57c.dir/build.make:97: recipe for target 'cmTC_fb57c' failed
make[1]: *** [cmTC_fb57c] Error 1
make[1]: Verzeichnis „/home/georg/catkin_ws/build/stereo_msgs/CMakeFiles/CMakeTmp“ wird verlassen
Makefile:126: recipe for target 'cmTC_fb57c/fast' failed
make: *** [cmTC_fb57c/fast] Error 2


