Determining if the pthread_create exist failed with the following output:
Change Dir: /home/georg/catkin_ws/build/diagnostic_msgs/CMakeFiles/CMakeTmp

Run Build Command:"/usr/bin/make" "cmTC_7345d/fast"
/usr/bin/make -f CMakeFiles/cmTC_7345d.dir/build.make CMakeFiles/cmTC_7345d.dir/build
make[1]: Verzeichnis „/home/georg/catkin_ws/build/diagnostic_msgs/CMakeFiles/CMakeTmp“ wird betreten
Building C object CMakeFiles/cmTC_7345d.dir/CheckSymbolExists.c.o
/usr/bin/cc    -o CMakeFiles/cmTC_7345d.dir/CheckSymbolExists.c.o   -c /home/georg/catkin_ws/build/diagnostic_msgs/CMakeFiles/CMakeTmp/CheckSymbolExists.c
Linking C executable cmTC_7345d
/usr/bin/cmake -E cmake_link_script CMakeFiles/cmTC_7345d.dir/link.txt --verbose=1
/usr/bin/cc      -rdynamic CMakeFiles/cmTC_7345d.dir/CheckSymbolExists.c.o  -o cmTC_7345d 
CMakeFiles/cmTC_7345d.dir/CheckSymbolExists.c.o: In Funktion »main«:
CheckSymbolExists.c:(.text+0x1b): Warnung: undefinierter Verweis auf »pthread_create«
collect2: error: ld returned 1 exit status
CMakeFiles/cmTC_7345d.dir/build.make:97: recipe for target 'cmTC_7345d' failed
make[1]: *** [cmTC_7345d] Error 1
make[1]: Verzeichnis „/home/georg/catkin_ws/build/diagnostic_msgs/CMakeFiles/CMakeTmp“ wird verlassen
Makefile:126: recipe for target 'cmTC_7345d/fast' failed
make: *** [cmTC_7345d/fast] Error 2

File /home/georg/catkin_ws/build/diagnostic_msgs/CMakeFiles/CMakeTmp/CheckSymbolExists.c:
/* */
#include <pthread.h>

int main(int argc, char** argv)
{
  (void)argv;
#ifndef pthread_create
  return ((int*)(&pthread_create))[argc];
#else
  (void)argc;
  return 0;
#endif
}

Determining if the function pthread_create exists in the pthreads failed with the following output:
Change Dir: /home/georg/catkin_ws/build/diagnostic_msgs/CMakeFiles/CMakeTmp

Run Build Command:"/usr/bin/make" "cmTC_24bfd/fast"
/usr/bin/make -f CMakeFiles/cmTC_24bfd.dir/build.make CMakeFiles/cmTC_24bfd.dir/build
make[1]: Verzeichnis „/home/georg/catkin_ws/build/diagnostic_msgs/CMakeFiles/CMakeTmp“ wird betreten
Building C object CMakeFiles/cmTC_24bfd.dir/CheckFunctionExists.c.o
/usr/bin/cc   -DCHECK_FUNCTION_EXISTS=pthread_create   -o CMakeFiles/cmTC_24bfd.dir/CheckFunctionExists.c.o   -c /usr/share/cmake-3.10/Modules/CheckFunctionExists.c
Linking C executable cmTC_24bfd
/usr/bin/cmake -E cmake_link_script CMakeFiles/cmTC_24bfd.dir/link.txt --verbose=1
/usr/bin/cc  -DCHECK_FUNCTION_EXISTS=pthread_create    -rdynamic CMakeFiles/cmTC_24bfd.dir/CheckFunctionExists.c.o  -o cmTC_24bfd -lpthreads 
/usr/bin/ld: -lpthreads kann nicht gefunden werden
collect2: error: ld returned 1 exit status
CMakeFiles/cmTC_24bfd.dir/build.make:97: recipe for target 'cmTC_24bfd' failed
make[1]: *** [cmTC_24bfd] Error 1
make[1]: Verzeichnis „/home/georg/catkin_ws/build/diagnostic_msgs/CMakeFiles/CMakeTmp“ wird verlassen
Makefile:126: recipe for target 'cmTC_24bfd/fast' failed
make: *** [cmTC_24bfd/fast] Error 2


