Symlinking /home/georg/catkin_ws/devel/include/nav_msgs/GetMapFeedback.h
Symlinking /home/georg/catkin_ws/devel/include/nav_msgs/GetPlanRequest.h
Symlinking /home/georg/catkin_ws/devel/include/nav_msgs/GetMapResult.h
Symlinking /home/georg/catkin_ws/devel/include/nav_msgs/LoadMapResponse.h
Symlinking /home/georg/catkin_ws/devel/include/nav_msgs/Odometry.h
Symlinking /home/georg/catkin_ws/devel/include/nav_msgs/SetMapRequest.h
Symlinking /home/georg/catkin_ws/devel/include/nav_msgs/OccupancyGrid.h
Symlinking /home/georg/catkin_ws/devel/include/nav_msgs/LoadMap.h
Symlinking /home/georg/catkin_ws/devel/include/nav_msgs/SetMap.h
Symlinking /home/georg/catkin_ws/devel/include/nav_msgs/GetPlan.h
Symlinking /home/georg/catkin_ws/devel/include/nav_msgs/GridCells.h
Symlinking /home/georg/catkin_ws/devel/include/nav_msgs/SetMapResponse.h
Symlinking /home/georg/catkin_ws/devel/include/nav_msgs/GetMapActionFeedback.h
Symlinking /home/georg/catkin_ws/devel/include/nav_msgs/GetPlanResponse.h
Symlinking /home/georg/catkin_ws/devel/include/nav_msgs/GetMapActionResult.h
Symlinking /home/georg/catkin_ws/devel/include/nav_msgs/GetMapRequest.h
Symlinking /home/georg/catkin_ws/devel/include/nav_msgs/Path.h
Symlinking /home/georg/catkin_ws/devel/include/nav_msgs/GetMapResponse.h
Symlinking /home/georg/catkin_ws/devel/include/nav_msgs/GetMapGoal.h
Symlinking /home/georg/catkin_ws/devel/include/nav_msgs/LoadMapRequest.h
Symlinking /home/georg/catkin_ws/devel/include/nav_msgs/GetMapActionGoal.h
Symlinking /home/georg/catkin_ws/devel/include/nav_msgs/GetMap.h
Symlinking /home/georg/catkin_ws/devel/include/nav_msgs/GetMapAction.h
Symlinking /home/georg/catkin_ws/devel/include/nav_msgs/MapMetaData.h
Symlinking /home/georg/catkin_ws/devel/lib/python2.7/dist-packages/nav_msgs/__init__.py
Symlinking /home/georg/catkin_ws/devel/lib/python2.7/dist-packages/nav_msgs/msg/_GridCells.py
Symlinking /home/georg/catkin_ws/devel/lib/python2.7/dist-packages/nav_msgs/msg/_GetMapFeedback.py
Symlinking /home/georg/catkin_ws/devel/lib/python2.7/dist-packages/nav_msgs/msg/_GetMapResult.py
Symlinking /home/georg/catkin_ws/devel/lib/python2.7/dist-packages/nav_msgs/msg/_GetMapGoal.py
Symlinking /home/georg/catkin_ws/devel/lib/python2.7/dist-packages/nav_msgs/msg/_GetMapActionGoal.py
Symlinking /home/georg/catkin_ws/devel/lib/python2.7/dist-packages/nav_msgs/msg/_Path.py
Symlinking /home/georg/catkin_ws/devel/lib/python2.7/dist-packages/nav_msgs/msg/_OccupancyGrid.py
Symlinking /home/georg/catkin_ws/devel/lib/python2.7/dist-packages/nav_msgs/msg/__init__.py
Symlinking /home/georg/catkin_ws/devel/lib/python2.7/dist-packages/nav_msgs/msg/_MapMetaData.py
Symlinking /home/georg/catkin_ws/devel/lib/python2.7/dist-packages/nav_msgs/msg/_Odometry.py
Symlinking /home/georg/catkin_ws/devel/lib/python2.7/dist-packages/nav_msgs/msg/_GetMapActionFeedback.py
Symlinking /home/georg/catkin_ws/devel/lib/python2.7/dist-packages/nav_msgs/msg/_GetMapActionResult.py
Symlinking /home/georg/catkin_ws/devel/lib/python2.7/dist-packages/nav_msgs/msg/_GetMapAction.py
Symlinking /home/georg/catkin_ws/devel/lib/python2.7/dist-packages/nav_msgs/srv/_SetMap.py
Symlinking /home/georg/catkin_ws/devel/lib/python2.7/dist-packages/nav_msgs/srv/_GetMap.py
Symlinking /home/georg/catkin_ws/devel/lib/python2.7/dist-packages/nav_msgs/srv/_GetPlan.py
Symlinking /home/georg/catkin_ws/devel/lib/python2.7/dist-packages/nav_msgs/srv/__init__.py
Symlinking /home/georg/catkin_ws/devel/lib/python2.7/dist-packages/nav_msgs/srv/_LoadMap.py
Symlinking /home/georg/catkin_ws/devel/lib/pkgconfig/nav_msgs.pc
Symlinking /home/georg/catkin_ws/devel/share/roseus/ros/nav_msgs/manifest.l
Symlinking /home/georg/catkin_ws/devel/share/roseus/ros/nav_msgs/msg/Path.l
Symlinking /home/georg/catkin_ws/devel/share/roseus/ros/nav_msgs/msg/GetMapFeedback.l
Symlinking /home/georg/catkin_ws/devel/share/roseus/ros/nav_msgs/msg/GetMapGoal.l
Symlinking /home/georg/catkin_ws/devel/share/roseus/ros/nav_msgs/msg/GetMapResult.l
Symlinking /home/georg/catkin_ws/devel/share/roseus/ros/nav_msgs/msg/GridCells.l
Symlinking /home/georg/catkin_ws/devel/share/roseus/ros/nav_msgs/msg/OccupancyGrid.l
Symlinking /home/georg/catkin_ws/devel/share/roseus/ros/nav_msgs/msg/MapMetaData.l
Symlinking /home/georg/catkin_ws/devel/share/roseus/ros/nav_msgs/msg/GetMapAction.l
Symlinking /home/georg/catkin_ws/devel/share/roseus/ros/nav_msgs/msg/GetMapActionResult.l
Symlinking /home/georg/catkin_ws/devel/share/roseus/ros/nav_msgs/msg/GetMapActionFeedback.l
Symlinking /home/georg/catkin_ws/devel/share/roseus/ros/nav_msgs/msg/Odometry.l
Symlinking /home/georg/catkin_ws/devel/share/roseus/ros/nav_msgs/msg/GetMapActionGoal.l
Symlinking /home/georg/catkin_ws/devel/share/roseus/ros/nav_msgs/srv/SetMap.l
Symlinking /home/georg/catkin_ws/devel/share/roseus/ros/nav_msgs/srv/GetMap.l
Symlinking /home/georg/catkin_ws/devel/share/roseus/ros/nav_msgs/srv/LoadMap.l
Symlinking /home/georg/catkin_ws/devel/share/roseus/ros/nav_msgs/srv/GetPlan.l
Symlinking /home/georg/catkin_ws/devel/share/common-lisp/ros/nav_msgs/msg/_package.lisp
Symlinking /home/georg/catkin_ws/devel/share/common-lisp/ros/nav_msgs/msg/GetMapResult.lisp
Symlinking /home/georg/catkin_ws/devel/share/common-lisp/ros/nav_msgs/msg/GetMapActionGoal.lisp
Symlinking /home/georg/catkin_ws/devel/share/common-lisp/ros/nav_msgs/msg/_package_GetMapActionGoal.lisp
Symlinking /home/georg/catkin_ws/devel/share/common-lisp/ros/nav_msgs/msg/Path.lisp
Symlinking /home/georg/catkin_ws/devel/share/common-lisp/ros/nav_msgs/msg/_package_OccupancyGrid.lisp
Symlinking /home/georg/catkin_ws/devel/share/common-lisp/ros/nav_msgs/msg/_package_GridCells.lisp
Symlinking /home/georg/catkin_ws/devel/share/common-lisp/ros/nav_msgs/msg/_package_GetMapActionResult.lisp
Symlinking /home/georg/catkin_ws/devel/share/common-lisp/ros/nav_msgs/msg/_package_Path.lisp
Symlinking /home/georg/catkin_ws/devel/share/common-lisp/ros/nav_msgs/msg/Odometry.lisp
Symlinking /home/georg/catkin_ws/devel/share/common-lisp/ros/nav_msgs/msg/GridCells.lisp
Symlinking /home/georg/catkin_ws/devel/share/common-lisp/ros/nav_msgs/msg/_package_MapMetaData.lisp
Symlinking /home/georg/catkin_ws/devel/share/common-lisp/ros/nav_msgs/msg/_package_GetMapGoal.lisp
Symlinking /home/georg/catkin_ws/devel/share/common-lisp/ros/nav_msgs/msg/MapMetaData.lisp
Symlinking /home/georg/catkin_ws/devel/share/common-lisp/ros/nav_msgs/msg/GetMapGoal.lisp
Symlinking /home/georg/catkin_ws/devel/share/common-lisp/ros/nav_msgs/msg/_package_GetMapActionFeedback.lisp
Symlinking /home/georg/catkin_ws/devel/share/common-lisp/ros/nav_msgs/msg/_package_Odometry.lisp
Symlinking /home/georg/catkin_ws/devel/share/common-lisp/ros/nav_msgs/msg/GetMapFeedback.lisp
Symlinking /home/georg/catkin_ws/devel/share/common-lisp/ros/nav_msgs/msg/GetMapAction.lisp
Symlinking /home/georg/catkin_ws/devel/share/common-lisp/ros/nav_msgs/msg/nav_msgs-msg.asd
Symlinking /home/georg/catkin_ws/devel/share/common-lisp/ros/nav_msgs/msg/GetMapActionFeedback.lisp
Symlinking /home/georg/catkin_ws/devel/share/common-lisp/ros/nav_msgs/msg/OccupancyGrid.lisp
Symlinking /home/georg/catkin_ws/devel/share/common-lisp/ros/nav_msgs/msg/_package_GetMapFeedback.lisp
Symlinking /home/georg/catkin_ws/devel/share/common-lisp/ros/nav_msgs/msg/_package_GetMapAction.lisp
Symlinking /home/georg/catkin_ws/devel/share/common-lisp/ros/nav_msgs/msg/_package_GetMapResult.lisp
Symlinking /home/georg/catkin_ws/devel/share/common-lisp/ros/nav_msgs/msg/GetMapActionResult.lisp
Symlinking /home/georg/catkin_ws/devel/share/common-lisp/ros/nav_msgs/srv/_package.lisp
Symlinking /home/georg/catkin_ws/devel/share/common-lisp/ros/nav_msgs/srv/_package_GetMap.lisp
Symlinking /home/georg/catkin_ws/devel/share/common-lisp/ros/nav_msgs/srv/GetMap.lisp
Symlinking /home/georg/catkin_ws/devel/share/common-lisp/ros/nav_msgs/srv/_package_GetPlan.lisp
Symlinking /home/georg/catkin_ws/devel/share/common-lisp/ros/nav_msgs/srv/LoadMap.lisp
Symlinking /home/georg/catkin_ws/devel/share/common-lisp/ros/nav_msgs/srv/GetPlan.lisp
Symlinking /home/georg/catkin_ws/devel/share/common-lisp/ros/nav_msgs/srv/_package_LoadMap.lisp
Symlinking /home/georg/catkin_ws/devel/share/common-lisp/ros/nav_msgs/srv/nav_msgs-srv.asd
Symlinking /home/georg/catkin_ws/devel/share/common-lisp/ros/nav_msgs/srv/_package_SetMap.lisp
Symlinking /home/georg/catkin_ws/devel/share/common-lisp/ros/nav_msgs/srv/SetMap.lisp
Symlinking /home/georg/catkin_ws/devel/share/nav_msgs/msg/GetMapFeedback.msg
Symlinking /home/georg/catkin_ws/devel/share/nav_msgs/msg/GetMapActionResult.msg
Symlinking /home/georg/catkin_ws/devel/share/nav_msgs/msg/GetMapActionFeedback.msg
Symlinking /home/georg/catkin_ws/devel/share/nav_msgs/msg/GetMapGoal.msg
Symlinking /home/georg/catkin_ws/devel/share/nav_msgs/msg/GetMapResult.msg
Symlinking /home/georg/catkin_ws/devel/share/nav_msgs/msg/GetMapAction.msg
Symlinking /home/georg/catkin_ws/devel/share/nav_msgs/msg/GetMapActionGoal.msg
Symlinking /home/georg/catkin_ws/devel/share/nav_msgs/cmake/nav_msgs-msg-extras.cmake
Symlinking /home/georg/catkin_ws/devel/share/nav_msgs/cmake/nav_msgs-msg-paths.cmake
Symlinking /home/georg/catkin_ws/devel/share/nav_msgs/cmake/nav_msgsConfig.cmake
Symlinking /home/georg/catkin_ws/devel/share/nav_msgs/cmake/nav_msgsConfig-version.cmake
Symlinking /home/georg/catkin_ws/devel/share/gennodejs/ros/nav_msgs/_index.js
Symlinking /home/georg/catkin_ws/devel/share/gennodejs/ros/nav_msgs/msg/Odometry.js
Symlinking /home/georg/catkin_ws/devel/share/gennodejs/ros/nav_msgs/msg/OccupancyGrid.js
Symlinking /home/georg/catkin_ws/devel/share/gennodejs/ros/nav_msgs/msg/GetMapActionFeedback.js
Symlinking /home/georg/catkin_ws/devel/share/gennodejs/ros/nav_msgs/msg/GetMapGoal.js
Symlinking /home/georg/catkin_ws/devel/share/gennodejs/ros/nav_msgs/msg/GetMapResult.js
Symlinking /home/georg/catkin_ws/devel/share/gennodejs/ros/nav_msgs/msg/GetMapActionGoal.js
Symlinking /home/georg/catkin_ws/devel/share/gennodejs/ros/nav_msgs/msg/GridCells.js
Symlinking /home/georg/catkin_ws/devel/share/gennodejs/ros/nav_msgs/msg/GetMapActionResult.js
Symlinking /home/georg/catkin_ws/devel/share/gennodejs/ros/nav_msgs/msg/GetMapFeedback.js
Symlinking /home/georg/catkin_ws/devel/share/gennodejs/ros/nav_msgs/msg/Path.js
Symlinking /home/georg/catkin_ws/devel/share/gennodejs/ros/nav_msgs/msg/GetMapAction.js
Symlinking /home/georg/catkin_ws/devel/share/gennodejs/ros/nav_msgs/msg/MapMetaData.js
Symlinking /home/georg/catkin_ws/devel/share/gennodejs/ros/nav_msgs/msg/_index.js
Symlinking /home/georg/catkin_ws/devel/share/gennodejs/ros/nav_msgs/srv/GetMap.js
Symlinking /home/georg/catkin_ws/devel/share/gennodejs/ros/nav_msgs/srv/LoadMap.js
Symlinking /home/georg/catkin_ws/devel/share/gennodejs/ros/nav_msgs/srv/GetPlan.js
Symlinking /home/georg/catkin_ws/devel/share/gennodejs/ros/nav_msgs/srv/SetMap.js
Symlinking /home/georg/catkin_ws/devel/share/gennodejs/ros/nav_msgs/srv/_index.js
