Determining if the pthread_create exist failed with the following output:
Change Dir: /home/georg/catkin_ws/build/phantomx_reactor_arm_controller/CMakeFiles/CMakeTmp

Run Build Command:"/usr/bin/make" "cmTC_c495c/fast"
/usr/bin/make -f CMakeFiles/cmTC_c495c.dir/build.make CMakeFiles/cmTC_c495c.dir/build
make[1]: Verzeichnis „/home/georg/catkin_ws/build/phantomx_reactor_arm_controller/CMakeFiles/CMakeTmp“ wird betreten
Building C object CMakeFiles/cmTC_c495c.dir/CheckSymbolExists.c.o
/usr/bin/cc    -o CMakeFiles/cmTC_c495c.dir/CheckSymbolExists.c.o   -c /home/georg/catkin_ws/build/phantomx_reactor_arm_controller/CMakeFiles/CMakeTmp/CheckSymbolExists.c
Linking C executable cmTC_c495c
/usr/bin/cmake -E cmake_link_script CMakeFiles/cmTC_c495c.dir/link.txt --verbose=1
/usr/bin/cc      -rdynamic CMakeFiles/cmTC_c495c.dir/CheckSymbolExists.c.o  -o cmTC_c495c 
CMakeFiles/cmTC_c495c.dir/CheckSymbolExists.c.o: In Funktion »main«:
CheckSymbolExists.c:(.text+0x1b): Warnung: undefinierter Verweis auf »pthread_create«
collect2: error: ld returned 1 exit status
CMakeFiles/cmTC_c495c.dir/build.make:97: recipe for target 'cmTC_c495c' failed
make[1]: *** [cmTC_c495c] Error 1
make[1]: Verzeichnis „/home/georg/catkin_ws/build/phantomx_reactor_arm_controller/CMakeFiles/CMakeTmp“ wird verlassen
Makefile:126: recipe for target 'cmTC_c495c/fast' failed
make: *** [cmTC_c495c/fast] Error 2

File /home/georg/catkin_ws/build/phantomx_reactor_arm_controller/CMakeFiles/CMakeTmp/CheckSymbolExists.c:
/* */
#include <pthread.h>

int main(int argc, char** argv)
{
  (void)argv;
#ifndef pthread_create
  return ((int*)(&pthread_create))[argc];
#else
  (void)argc;
  return 0;
#endif
}

Determining if the function pthread_create exists in the pthreads failed with the following output:
Change Dir: /home/georg/catkin_ws/build/phantomx_reactor_arm_controller/CMakeFiles/CMakeTmp

Run Build Command:"/usr/bin/make" "cmTC_37aa0/fast"
/usr/bin/make -f CMakeFiles/cmTC_37aa0.dir/build.make CMakeFiles/cmTC_37aa0.dir/build
make[1]: Verzeichnis „/home/georg/catkin_ws/build/phantomx_reactor_arm_controller/CMakeFiles/CMakeTmp“ wird betreten
Building C object CMakeFiles/cmTC_37aa0.dir/CheckFunctionExists.c.o
/usr/bin/cc   -DCHECK_FUNCTION_EXISTS=pthread_create   -o CMakeFiles/cmTC_37aa0.dir/CheckFunctionExists.c.o   -c /usr/share/cmake-3.10/Modules/CheckFunctionExists.c
Linking C executable cmTC_37aa0
/usr/bin/cmake -E cmake_link_script CMakeFiles/cmTC_37aa0.dir/link.txt --verbose=1
/usr/bin/cc  -DCHECK_FUNCTION_EXISTS=pthread_create    -rdynamic CMakeFiles/cmTC_37aa0.dir/CheckFunctionExists.c.o  -o cmTC_37aa0 -lpthreads 
/usr/bin/ld: -lpthreads kann nicht gefunden werden
collect2: error: ld returned 1 exit status
CMakeFiles/cmTC_37aa0.dir/build.make:97: recipe for target 'cmTC_37aa0' failed
make[1]: *** [cmTC_37aa0] Error 1
make[1]: Verzeichnis „/home/georg/catkin_ws/build/phantomx_reactor_arm_controller/CMakeFiles/CMakeTmp“ wird verlassen
Makefile:126: recipe for target 'cmTC_37aa0/fast' failed
make: *** [cmTC_37aa0/fast] Error 2


