Determining if the pthread_create exist failed with the following output:
Change Dir: /home/georg/catkin_ws/build/twophase_solver_ros/CMakeFiles/CMakeTmp

Run Build Command:"/usr/bin/make" "cmTC_f09bf/fast"
/usr/bin/make -f CMakeFiles/cmTC_f09bf.dir/build.make CMakeFiles/cmTC_f09bf.dir/build
make[1]: Verzeichnis „/home/georg/catkin_ws/build/twophase_solver_ros/CMakeFiles/CMakeTmp“ wird betreten
Building C object CMakeFiles/cmTC_f09bf.dir/CheckSymbolExists.c.o
/usr/bin/cc    -o CMakeFiles/cmTC_f09bf.dir/CheckSymbolExists.c.o   -c /home/georg/catkin_ws/build/twophase_solver_ros/CMakeFiles/CMakeTmp/CheckSymbolExists.c
Linking C executable cmTC_f09bf
/usr/bin/cmake -E cmake_link_script CMakeFiles/cmTC_f09bf.dir/link.txt --verbose=1
/usr/bin/cc      -rdynamic CMakeFiles/cmTC_f09bf.dir/CheckSymbolExists.c.o  -o cmTC_f09bf 
CMakeFiles/cmTC_f09bf.dir/CheckSymbolExists.c.o: In Funktion »main«:
CheckSymbolExists.c:(.text+0x1b): Warnung: undefinierter Verweis auf »pthread_create«
collect2: error: ld returned 1 exit status
CMakeFiles/cmTC_f09bf.dir/build.make:97: recipe for target 'cmTC_f09bf' failed
make[1]: *** [cmTC_f09bf] Error 1
make[1]: Verzeichnis „/home/georg/catkin_ws/build/twophase_solver_ros/CMakeFiles/CMakeTmp“ wird verlassen
Makefile:126: recipe for target 'cmTC_f09bf/fast' failed
make: *** [cmTC_f09bf/fast] Error 2

File /home/georg/catkin_ws/build/twophase_solver_ros/CMakeFiles/CMakeTmp/CheckSymbolExists.c:
/* */
#include <pthread.h>

int main(int argc, char** argv)
{
  (void)argv;
#ifndef pthread_create
  return ((int*)(&pthread_create))[argc];
#else
  (void)argc;
  return 0;
#endif
}

Determining if the function pthread_create exists in the pthreads failed with the following output:
Change Dir: /home/georg/catkin_ws/build/twophase_solver_ros/CMakeFiles/CMakeTmp

Run Build Command:"/usr/bin/make" "cmTC_1c417/fast"
/usr/bin/make -f CMakeFiles/cmTC_1c417.dir/build.make CMakeFiles/cmTC_1c417.dir/build
make[1]: Verzeichnis „/home/georg/catkin_ws/build/twophase_solver_ros/CMakeFiles/CMakeTmp“ wird betreten
Building C object CMakeFiles/cmTC_1c417.dir/CheckFunctionExists.c.o
/usr/bin/cc   -DCHECK_FUNCTION_EXISTS=pthread_create   -o CMakeFiles/cmTC_1c417.dir/CheckFunctionExists.c.o   -c /usr/share/cmake-3.10/Modules/CheckFunctionExists.c
Linking C executable cmTC_1c417
/usr/bin/cmake -E cmake_link_script CMakeFiles/cmTC_1c417.dir/link.txt --verbose=1
/usr/bin/cc  -DCHECK_FUNCTION_EXISTS=pthread_create    -rdynamic CMakeFiles/cmTC_1c417.dir/CheckFunctionExists.c.o  -o cmTC_1c417 -lpthreads 
/usr/bin/ld: -lpthreads kann nicht gefunden werden
collect2: error: ld returned 1 exit status
CMakeFiles/cmTC_1c417.dir/build.make:97: recipe for target 'cmTC_1c417' failed
make[1]: *** [cmTC_1c417] Error 1
make[1]: Verzeichnis „/home/georg/catkin_ws/build/twophase_solver_ros/CMakeFiles/CMakeTmp“ wird verlassen
Makefile:126: recipe for target 'cmTC_1c417/fast' failed
make: *** [cmTC_1c417/fast] Error 2


