Determining if the pthread_create exist failed with the following output:
Change Dir: /home/georg/catkin_ws/build/phantomx_reactor_arm_description/CMakeFiles/CMakeTmp

Run Build Command:"/usr/bin/make" "cmTC_b9e9f/fast"
/usr/bin/make -f CMakeFiles/cmTC_b9e9f.dir/build.make CMakeFiles/cmTC_b9e9f.dir/build
make[1]: Verzeichnis „/home/georg/catkin_ws/build/phantomx_reactor_arm_description/CMakeFiles/CMakeTmp“ wird betreten
Building C object CMakeFiles/cmTC_b9e9f.dir/CheckSymbolExists.c.o
/usr/bin/cc    -o CMakeFiles/cmTC_b9e9f.dir/CheckSymbolExists.c.o   -c /home/georg/catkin_ws/build/phantomx_reactor_arm_description/CMakeFiles/CMakeTmp/CheckSymbolExists.c
Linking C executable cmTC_b9e9f
/usr/bin/cmake -E cmake_link_script CMakeFiles/cmTC_b9e9f.dir/link.txt --verbose=1
/usr/bin/cc      -rdynamic CMakeFiles/cmTC_b9e9f.dir/CheckSymbolExists.c.o  -o cmTC_b9e9f 
CMakeFiles/cmTC_b9e9f.dir/CheckSymbolExists.c.o: In Funktion »main«:
CheckSymbolExists.c:(.text+0x1b): Warnung: undefinierter Verweis auf »pthread_create«
collect2: error: ld returned 1 exit status
CMakeFiles/cmTC_b9e9f.dir/build.make:97: recipe for target 'cmTC_b9e9f' failed
make[1]: *** [cmTC_b9e9f] Error 1
make[1]: Verzeichnis „/home/georg/catkin_ws/build/phantomx_reactor_arm_description/CMakeFiles/CMakeTmp“ wird verlassen
Makefile:126: recipe for target 'cmTC_b9e9f/fast' failed
make: *** [cmTC_b9e9f/fast] Error 2

File /home/georg/catkin_ws/build/phantomx_reactor_arm_description/CMakeFiles/CMakeTmp/CheckSymbolExists.c:
/* */
#include <pthread.h>

int main(int argc, char** argv)
{
  (void)argv;
#ifndef pthread_create
  return ((int*)(&pthread_create))[argc];
#else
  (void)argc;
  return 0;
#endif
}

Determining if the function pthread_create exists in the pthreads failed with the following output:
Change Dir: /home/georg/catkin_ws/build/phantomx_reactor_arm_description/CMakeFiles/CMakeTmp

Run Build Command:"/usr/bin/make" "cmTC_dc06f/fast"
/usr/bin/make -f CMakeFiles/cmTC_dc06f.dir/build.make CMakeFiles/cmTC_dc06f.dir/build
make[1]: Verzeichnis „/home/georg/catkin_ws/build/phantomx_reactor_arm_description/CMakeFiles/CMakeTmp“ wird betreten
Building C object CMakeFiles/cmTC_dc06f.dir/CheckFunctionExists.c.o
/usr/bin/cc   -DCHECK_FUNCTION_EXISTS=pthread_create   -o CMakeFiles/cmTC_dc06f.dir/CheckFunctionExists.c.o   -c /usr/share/cmake-3.10/Modules/CheckFunctionExists.c
Linking C executable cmTC_dc06f
/usr/bin/cmake -E cmake_link_script CMakeFiles/cmTC_dc06f.dir/link.txt --verbose=1
/usr/bin/cc  -DCHECK_FUNCTION_EXISTS=pthread_create    -rdynamic CMakeFiles/cmTC_dc06f.dir/CheckFunctionExists.c.o  -o cmTC_dc06f -lpthreads 
/usr/bin/ld: -lpthreads kann nicht gefunden werden
collect2: error: ld returned 1 exit status
CMakeFiles/cmTC_dc06f.dir/build.make:97: recipe for target 'cmTC_dc06f' failed
make[1]: *** [cmTC_dc06f] Error 1
make[1]: Verzeichnis „/home/georg/catkin_ws/build/phantomx_reactor_arm_description/CMakeFiles/CMakeTmp“ wird verlassen
Makefile:126: recipe for target 'cmTC_dc06f/fast' failed
make: *** [cmTC_dc06f/fast] Error 2


