Determining if the pthread_create exist failed with the following output:
Change Dir: /home/georg/catkin_ws/build/dynamixel_controllers/CMakeFiles/CMakeTmp

Run Build Command:"/usr/bin/make" "cmTC_c555d/fast"
/usr/bin/make -f CMakeFiles/cmTC_c555d.dir/build.make CMakeFiles/cmTC_c555d.dir/build
make[1]: Verzeichnis „/home/georg/catkin_ws/build/dynamixel_controllers/CMakeFiles/CMakeTmp“ wird betreten
Building C object CMakeFiles/cmTC_c555d.dir/CheckSymbolExists.c.o
/usr/bin/cc    -o CMakeFiles/cmTC_c555d.dir/CheckSymbolExists.c.o   -c /home/georg/catkin_ws/build/dynamixel_controllers/CMakeFiles/CMakeTmp/CheckSymbolExists.c
Linking C executable cmTC_c555d
/usr/bin/cmake -E cmake_link_script CMakeFiles/cmTC_c555d.dir/link.txt --verbose=1
/usr/bin/cc      -rdynamic CMakeFiles/cmTC_c555d.dir/CheckSymbolExists.c.o  -o cmTC_c555d 
CMakeFiles/cmTC_c555d.dir/CheckSymbolExists.c.o: In Funktion »main«:
CheckSymbolExists.c:(.text+0x1b): Warnung: undefinierter Verweis auf »pthread_create«
collect2: error: ld returned 1 exit status
CMakeFiles/cmTC_c555d.dir/build.make:97: recipe for target 'cmTC_c555d' failed
make[1]: *** [cmTC_c555d] Error 1
make[1]: Verzeichnis „/home/georg/catkin_ws/build/dynamixel_controllers/CMakeFiles/CMakeTmp“ wird verlassen
Makefile:126: recipe for target 'cmTC_c555d/fast' failed
make: *** [cmTC_c555d/fast] Error 2

File /home/georg/catkin_ws/build/dynamixel_controllers/CMakeFiles/CMakeTmp/CheckSymbolExists.c:
/* */
#include <pthread.h>

int main(int argc, char** argv)
{
  (void)argv;
#ifndef pthread_create
  return ((int*)(&pthread_create))[argc];
#else
  (void)argc;
  return 0;
#endif
}

Determining if the function pthread_create exists in the pthreads failed with the following output:
Change Dir: /home/georg/catkin_ws/build/dynamixel_controllers/CMakeFiles/CMakeTmp

Run Build Command:"/usr/bin/make" "cmTC_56408/fast"
/usr/bin/make -f CMakeFiles/cmTC_56408.dir/build.make CMakeFiles/cmTC_56408.dir/build
make[1]: Verzeichnis „/home/georg/catkin_ws/build/dynamixel_controllers/CMakeFiles/CMakeTmp“ wird betreten
Building C object CMakeFiles/cmTC_56408.dir/CheckFunctionExists.c.o
/usr/bin/cc   -DCHECK_FUNCTION_EXISTS=pthread_create   -o CMakeFiles/cmTC_56408.dir/CheckFunctionExists.c.o   -c /usr/share/cmake-3.10/Modules/CheckFunctionExists.c
Linking C executable cmTC_56408
/usr/bin/cmake -E cmake_link_script CMakeFiles/cmTC_56408.dir/link.txt --verbose=1
/usr/bin/cc  -DCHECK_FUNCTION_EXISTS=pthread_create    -rdynamic CMakeFiles/cmTC_56408.dir/CheckFunctionExists.c.o  -o cmTC_56408 -lpthreads 
/usr/bin/ld: -lpthreads kann nicht gefunden werden
collect2: error: ld returned 1 exit status
CMakeFiles/cmTC_56408.dir/build.make:97: recipe for target 'cmTC_56408' failed
make[1]: *** [cmTC_56408] Error 1
make[1]: Verzeichnis „/home/georg/catkin_ws/build/dynamixel_controllers/CMakeFiles/CMakeTmp“ wird verlassen
Makefile:126: recipe for target 'cmTC_56408/fast' failed
make: *** [cmTC_56408/fast] Error 2


