Symlinking /home/georg/catkin_ws/devel/include/actionlib_msgs/GoalID.h
Symlinking /home/georg/catkin_ws/devel/include/actionlib_msgs/GoalStatusArray.h
Symlinking /home/georg/catkin_ws/devel/include/actionlib_msgs/GoalStatus.h
Symlinking /home/georg/catkin_ws/devel/lib/python2.7/dist-packages/actionlib_msgs/__init__.py
Symlinking /home/georg/catkin_ws/devel/lib/python2.7/dist-packages/actionlib_msgs/msg/_GoalStatusArray.py
Symlinking /home/georg/catkin_ws/devel/lib/python2.7/dist-packages/actionlib_msgs/msg/_GoalStatus.py
Symlinking /home/georg/catkin_ws/devel/lib/python2.7/dist-packages/actionlib_msgs/msg/_GoalID.py
Symlinking /home/georg/catkin_ws/devel/lib/python2.7/dist-packages/actionlib_msgs/msg/__init__.py
Symlinking /home/georg/catkin_ws/devel/lib/pkgconfig/actionlib_msgs.pc
Symlinking /home/georg/catkin_ws/devel/share/roseus/ros/actionlib_msgs/manifest.l
Symlinking /home/georg/catkin_ws/devel/share/roseus/ros/actionlib_msgs/msg/GoalStatus.l
Symlinking /home/georg/catkin_ws/devel/share/roseus/ros/actionlib_msgs/msg/GoalStatusArray.l
Symlinking /home/georg/catkin_ws/devel/share/roseus/ros/actionlib_msgs/msg/GoalID.l
Symlinking /home/georg/catkin_ws/devel/share/common-lisp/ros/actionlib_msgs/msg/_package_GoalID.lisp
Symlinking /home/georg/catkin_ws/devel/share/common-lisp/ros/actionlib_msgs/msg/_package.lisp
Symlinking /home/georg/catkin_ws/devel/share/common-lisp/ros/actionlib_msgs/msg/GoalStatus.lisp
Symlinking /home/georg/catkin_ws/devel/share/common-lisp/ros/actionlib_msgs/msg/_package_GoalStatusArray.lisp
Symlinking /home/georg/catkin_ws/devel/share/common-lisp/ros/actionlib_msgs/msg/GoalID.lisp
Symlinking /home/georg/catkin_ws/devel/share/common-lisp/ros/actionlib_msgs/msg/_package_GoalStatus.lisp
Symlinking /home/georg/catkin_ws/devel/share/common-lisp/ros/actionlib_msgs/msg/actionlib_msgs-msg.asd
Symlinking /home/georg/catkin_ws/devel/share/common-lisp/ros/actionlib_msgs/msg/GoalStatusArray.lisp
Symlinking /home/georg/catkin_ws/devel/share/gennodejs/ros/actionlib_msgs/_index.js
Symlinking /home/georg/catkin_ws/devel/share/gennodejs/ros/actionlib_msgs/msg/GoalStatus.js
Symlinking /home/georg/catkin_ws/devel/share/gennodejs/ros/actionlib_msgs/msg/GoalStatusArray.js
Symlinking /home/georg/catkin_ws/devel/share/gennodejs/ros/actionlib_msgs/msg/GoalID.js
Symlinking /home/georg/catkin_ws/devel/share/gennodejs/ros/actionlib_msgs/msg/_index.js
Symlinking /home/georg/catkin_ws/devel/share/actionlib_msgs/cmake/actionlib_msgs-msg-paths.cmake
Symlinking /home/georg/catkin_ws/devel/share/actionlib_msgs/cmake/actionlib_msgs-msg-extras.cmake
Symlinking /home/georg/catkin_ws/devel/share/actionlib_msgs/cmake/actionlib_msgsConfig-version.cmake
Symlinking /home/georg/catkin_ws/devel/share/actionlib_msgs/cmake/actionlib_msgsConfig.cmake
Symlinking /home/georg/catkin_ws/devel/share/actionlib_msgs/cmake/actionlib_msgs-extras.cmake
