Determining if the pthread_create exist failed with the following output:
Change Dir: /home/georg/catkin_ws/build/beginner_tutorials/CMakeFiles/CMakeTmp

Run Build Command:"/usr/bin/make" "cmTC_9b859/fast"
/usr/bin/make -f CMakeFiles/cmTC_9b859.dir/build.make CMakeFiles/cmTC_9b859.dir/build
make[1]: Verzeichnis „/home/georg/catkin_ws/build/beginner_tutorials/CMakeFiles/CMakeTmp“ wird betreten
Building C object CMakeFiles/cmTC_9b859.dir/CheckSymbolExists.c.o
/usr/bin/cc    -o CMakeFiles/cmTC_9b859.dir/CheckSymbolExists.c.o   -c /home/georg/catkin_ws/build/beginner_tutorials/CMakeFiles/CMakeTmp/CheckSymbolExists.c
Linking C executable cmTC_9b859
/usr/bin/cmake -E cmake_link_script CMakeFiles/cmTC_9b859.dir/link.txt --verbose=1
/usr/bin/cc      -rdynamic CMakeFiles/cmTC_9b859.dir/CheckSymbolExists.c.o  -o cmTC_9b859 
CMakeFiles/cmTC_9b859.dir/CheckSymbolExists.c.o: In Funktion »main«:
CheckSymbolExists.c:(.text+0x1b): Warnung: undefinierter Verweis auf »pthread_create«
collect2: error: ld returned 1 exit status
CMakeFiles/cmTC_9b859.dir/build.make:97: recipe for target 'cmTC_9b859' failed
make[1]: *** [cmTC_9b859] Error 1
make[1]: Verzeichnis „/home/georg/catkin_ws/build/beginner_tutorials/CMakeFiles/CMakeTmp“ wird verlassen
Makefile:126: recipe for target 'cmTC_9b859/fast' failed
make: *** [cmTC_9b859/fast] Error 2

File /home/georg/catkin_ws/build/beginner_tutorials/CMakeFiles/CMakeTmp/CheckSymbolExists.c:
/* */
#include <pthread.h>

int main(int argc, char** argv)
{
  (void)argv;
#ifndef pthread_create
  return ((int*)(&pthread_create))[argc];
#else
  (void)argc;
  return 0;
#endif
}

Determining if the function pthread_create exists in the pthreads failed with the following output:
Change Dir: /home/georg/catkin_ws/build/beginner_tutorials/CMakeFiles/CMakeTmp

Run Build Command:"/usr/bin/make" "cmTC_a26ab/fast"
/usr/bin/make -f CMakeFiles/cmTC_a26ab.dir/build.make CMakeFiles/cmTC_a26ab.dir/build
make[1]: Verzeichnis „/home/georg/catkin_ws/build/beginner_tutorials/CMakeFiles/CMakeTmp“ wird betreten
Building C object CMakeFiles/cmTC_a26ab.dir/CheckFunctionExists.c.o
/usr/bin/cc   -DCHECK_FUNCTION_EXISTS=pthread_create   -o CMakeFiles/cmTC_a26ab.dir/CheckFunctionExists.c.o   -c /usr/share/cmake-3.10/Modules/CheckFunctionExists.c
Linking C executable cmTC_a26ab
/usr/bin/cmake -E cmake_link_script CMakeFiles/cmTC_a26ab.dir/link.txt --verbose=1
/usr/bin/cc  -DCHECK_FUNCTION_EXISTS=pthread_create    -rdynamic CMakeFiles/cmTC_a26ab.dir/CheckFunctionExists.c.o  -o cmTC_a26ab -lpthreads 
/usr/bin/ld: -lpthreads kann nicht gefunden werden
collect2: error: ld returned 1 exit status
CMakeFiles/cmTC_a26ab.dir/build.make:97: recipe for target 'cmTC_a26ab' failed
make[1]: *** [cmTC_a26ab] Error 1
make[1]: Verzeichnis „/home/georg/catkin_ws/build/beginner_tutorials/CMakeFiles/CMakeTmp“ wird verlassen
Makefile:126: recipe for target 'cmTC_a26ab/fast' failed
make: *** [cmTC_a26ab/fast] Error 2


